Hammerdb Log @ Tue Jan 07 13:17:06 PST 2020
+-+-+-+-+-+-+-+-+-+-+-+-+-+-+-+-+-+-+-+-+-+-
Timestamp 1 @ Tue Jan 07 13:17:06 PST 2020
Vuser 1:Beginning rampup time of 2 minutes
Timestamp 2 @ Tue Jan 07 13:17:06 PST 2020
Vuser 2:Processing 1000000 transactions with output suppressed...
Timestamp 3 @ Tue Jan 07 13:17:07 PST 2020
Vuser 3:Processing 1000000 transactions with output suppressed...
Timestamp 4 @ Tue Jan 07 13:17:07 PST 2020
Vuser 4:Processing 1000000 transactions with output suppressed...
Timestamp 5 @ Tue Jan 07 13:17:08 PST 2020
Vuser 5:Processing 1000000 transactions with output suppressed...
Timestamp 6 @ Tue Jan 07 13:17:08 PST 2020
Vuser 6:Processing 1000000 transactions with output suppressed...
Timestamp 7 @ Tue Jan 07 13:17:09 PST 2020
Vuser 7:Processing 1000000 transactions with output suppressed...
Timestamp 8 @ Tue Jan 07 13:17:09 PST 2020
Vuser 8:Processing 1000000 transactions with output suppressed...
Timestamp 9 @ Tue Jan 07 13:17:10 PST 2020
Vuser 9:Processing 1000000 transactions with output suppressed...
Timestamp 10 @ Tue Jan 07 13:17:10 PST 2020
Vuser 10:Processing 1000000 transactions with output suppressed...
Timestamp 11 @ Tue Jan 07 13:17:11 PST 2020
Vuser 11:Processing 1000000 transactions with output suppressed...
Timestamp 12 @ Tue Jan 07 13:17:11 PST 2020
Vuser 12:Processing 1000000 transactions with output suppressed...
Timestamp 13 @ Tue Jan 07 13:17:12 PST 2020
Vuser 13:Processing 1000000 transactions with output suppressed...
Timestamp 14 @ Tue Jan 07 13:17:12 PST 2020
Vuser 14:Processing 1000000 transactions with output suppressed...
Timestamp 15 @ Tue Jan 07 13:17:13 PST 2020
Vuser 15:Processing 1000000 transactions with output suppressed...
Timestamp 16 @ Tue Jan 07 13:17:13 PST 2020
Vuser 16:Processing 1000000 transactions with output suppressed...
Timestamp 17 @ Tue Jan 07 13:17:14 PST 2020
Vuser 17:Processing 1000000 transactions with output suppressed...
Timestamp 18 @ Tue Jan 07 13:17:14 PST 2020
Vuser 18:Processing 1000000 transactions with output suppressed...
Timestamp 19 @ Tue Jan 07 13:17:15 PST 2020
Vuser 19:Processing 1000000 transactions with output suppressed...
Timestamp 20 @ Tue Jan 07 13:17:15 PST 2020
Vuser 20:Processing 1000000 transactions with output suppressed...
Timestamp 21 @ Tue Jan 07 13:17:16 PST 2020
Vuser 21:Processing 1000000 transactions with output suppressed...
Timestamp 22 @ Tue Jan 07 13:17:16 PST 2020
Vuser 22:Processing 1000000 transactions with output suppressed...
Timestamp 23 @ Tue Jan 07 13:17:17 PST 2020
Vuser 23:Processing 1000000 transactions with output suppressed...
Timestamp 24 @ Tue Jan 07 13:17:17 PST 2020
Vuser 24:Processing 1000000 transactions with output suppressed...
Timestamp 25 @ Tue Jan 07 13:17:18 PST 2020
Vuser 25:Processing 1000000 transactions with output suppressed...
Timestamp 26 @ Tue Jan 07 13:17:18 PST 2020
Vuser 26:Processing 1000000 transactions with output suppressed...
Timestamp 27 @ Tue Jan 07 13:17:19 PST 2020
Vuser 27:Processing 1000000 transactions with output suppressed...
Timestamp 28 @ Tue Jan 07 13:17:19 PST 2020
Vuser 28:Processing 1000000 transactions with output suppressed...
Timestamp 29 @ Tue Jan 07 13:17:20 PST 2020
Vuser 29:Processing 1000000 transactions with output suppressed...
Timestamp 30 @ Tue Jan 07 13:17:20 PST 2020
Vuser 30:Processing 1000000 transactions with output suppressed...
Timestamp 31 @ Tue Jan 07 13:17:21 PST 2020
Vuser 31:Processing 1000000 transactions with output suppressed...
Timestamp 32 @ Tue Jan 07 13:17:21 PST 2020
Vuser 32:Processing 1000000 transactions with output suppressed...
Timestamp 33 @ Tue Jan 07 13:17:22 PST 2020
Vuser 33:Processing 1000000 transactions with output suppressed...
Timestamp 34 @ Tue Jan 07 13:17:22 PST 2020
Vuser 34:Processing 1000000 transactions with output suppressed...
Timestamp 35 @ Tue Jan 07 13:17:23 PST 2020
Vuser 35:Processing 1000000 transactions with output suppressed...
Timestamp 36 @ Tue Jan 07 13:17:23 PST 2020
Vuser 36:Processing 1000000 transactions with output suppressed...
Timestamp 37 @ Tue Jan 07 13:17:24 PST 2020
Vuser 37:Processing 1000000 transactions with output suppressed...
Timestamp 38 @ Tue Jan 07 13:17:24 PST 2020
Vuser 38:Processing 1000000 transactions with output suppressed...
Timestamp 39 @ Tue Jan 07 13:17:25 PST 2020
Vuser 39:Processing 1000000 transactions with output suppressed...
Timestamp 40 @ Tue Jan 07 13:17:25 PST 2020
Vuser 40:Processing 1000000 transactions with output suppressed...
Timestamp 41 @ Tue Jan 07 13:17:26 PST 2020
Vuser 41:Processing 1000000 transactions with output suppressed...
Timestamp 42 @ Tue Jan 07 13:17:26 PST 2020
Vuser 42:Processing 1000000 transactions with output suppressed...
Timestamp 43 @ Tue Jan 07 13:17:27 PST 2020
Vuser 43:Processing 1000000 transactions with output suppressed...
Timestamp 44 @ Tue Jan 07 13:17:27 PST 2020
Vuser 44:Processing 1000000 transactions with output suppressed...
Timestamp 45 @ Tue Jan 07 13:17:28 PST 2020
Vuser 45:Processing 1000000 transactions with output suppressed...
Timestamp 46 @ Tue Jan 07 13:17:28 PST 2020
Vuser 46:Processing 1000000 transactions with output suppressed...
Timestamp 47 @ Tue Jan 07 13:17:29 PST 2020
Vuser 47:Processing 1000000 transactions with output suppressed...
Timestamp 48 @ Tue Jan 07 13:17:30 PST 2020
Vuser 48:Processing 1000000 transactions with output suppressed...
Timestamp 49 @ Tue Jan 07 13:17:30 PST 2020
Vuser 49:Processing 1000000 transactions with output suppressed...
Timestamp 50 @ Tue Jan 07 13:17:31 PST 2020
Vuser 50:Processing 1000000 transactions with output suppressed...
Timestamp 51 @ Tue Jan 07 13:17:31 PST 2020
Vuser 51:Processing 1000000 transactions with output suppressed...
Timestamp 52 @ Tue Jan 07 13:17:32 PST 2020
Vuser 52:Processing 1000000 transactions with output suppressed...
Timestamp 53 @ Tue Jan 07 13:17:32 PST 2020
Vuser 53:Processing 1000000 transactions with output suppressed...
Timestamp 54 @ Tue Jan 07 13:17:33 PST 2020
Vuser 54:Processing 1000000 transactions with output suppressed...
Timestamp 55 @ Tue Jan 07 13:17:33 PST 2020
Vuser 55:Processing 1000000 transactions with output suppressed...
Timestamp 56 @ Tue Jan 07 13:17:34 PST 2020
Vuser 56:Processing 1000000 transactions with output suppressed...
Timestamp 57 @ Tue Jan 07 13:17:34 PST 2020
Vuser 57:Processing 1000000 transactions with output suppressed...
Timestamp 58 @ Tue Jan 07 13:17:35 PST 2020
Vuser 58:Processing 1000000 transactions with output suppressed...
Timestamp 59 @ Tue Jan 07 13:17:35 PST 2020
Vuser 59:Processing 1000000 transactions with output suppressed...
Timestamp 60 @ Tue Jan 07 13:17:36 PST 2020
Vuser 60:Processing 1000000 transactions with output suppressed...
Timestamp 61 @ Tue Jan 07 13:17:36 PST 2020
Vuser 61:Processing 1000000 transactions with output suppressed...
Timestamp 62 @ Tue Jan 07 13:17:37 PST 2020
Vuser 62:Processing 1000000 transactions with output suppressed...
Timestamp 63 @ Tue Jan 07 13:17:37 PST 2020
Vuser 63:Processing 1000000 transactions with output suppressed...
Timestamp 64 @ Tue Jan 07 13:17:38 PST 2020
Vuser 64:Processing 1000000 transactions with output suppressed...
Timestamp 65 @ Tue Jan 07 13:17:38 PST 2020
Vuser 65:Processing 1000000 transactions with output suppressed...
Timestamp 66 @ Tue Jan 07 13:17:39 PST 2020
Vuser 66:Processing 1000000 transactions with output suppressed...
Timestamp 67 @ Tue Jan 07 13:17:39 PST 2020
Vuser 67:Processing 1000000 transactions with output suppressed...
Timestamp 68 @ Tue Jan 07 13:17:40 PST 2020
Vuser 68:Processing 1000000 transactions with output suppressed...
Timestamp 69 @ Tue Jan 07 13:17:40 PST 2020
Vuser 69:Processing 1000000 transactions with output suppressed...
Timestamp 70 @ Tue Jan 07 13:17:41 PST 2020
Vuser 70:Processing 1000000 transactions with output suppressed...
Timestamp 71 @ Tue Jan 07 13:17:41 PST 2020
Vuser 71:Processing 1000000 transactions with output suppressed...
Timestamp 72 @ Tue Jan 07 13:17:42 PST 2020
Vuser 72:Processing 1000000 transactions with output suppressed...
Timestamp 73 @ Tue Jan 07 13:17:42 PST 2020
Vuser 73:Processing 1000000 transactions with output suppressed...
Timestamp 74 @ Tue Jan 07 13:17:43 PST 2020
Vuser 74:Processing 1000000 transactions with output suppressed...
Timestamp 75 @ Tue Jan 07 13:17:43 PST 2020
Vuser 75:Processing 1000000 transactions with output suppressed...
Timestamp 76 @ Tue Jan 07 13:17:44 PST 2020
Vuser 76:Processing 1000000 transactions with output suppressed...
Timestamp 77 @ Tue Jan 07 13:17:44 PST 2020
Vuser 77:Processing 1000000 transactions with output suppressed...
Timestamp 78 @ Tue Jan 07 13:17:45 PST 2020
Vuser 78:Processing 1000000 transactions with output suppressed...
Timestamp 79 @ Tue Jan 07 13:17:45 PST 2020
Vuser 79:Processing 1000000 transactions with output suppressed...
Timestamp 80 @ Tue Jan 07 13:17:46 PST 2020
Vuser 80:Processing 1000000 transactions with output suppressed...
Timestamp 81 @ Tue Jan 07 13:17:46 PST 2020
Vuser 81:Processing 1000000 transactions with output suppressed...
Timestamp 82 @ Tue Jan 07 13:17:47 PST 2020
Vuser 82:Processing 1000000 transactions with output suppressed...
Timestamp 83 @ Tue Jan 07 13:17:47 PST 2020
Vuser 83:Processing 1000000 transactions with output suppressed...
Timestamp 84 @ Tue Jan 07 13:17:48 PST 2020
Vuser 84:Processing 1000000 transactions with output suppressed...
Timestamp 85 @ Tue Jan 07 13:17:48 PST 2020
Vuser 85:Processing 1000000 transactions with output suppressed...
Timestamp 86 @ Tue Jan 07 13:17:49 PST 2020
Vuser 86:Processing 1000000 transactions with output suppressed...
Timestamp 87 @ Tue Jan 07 13:17:49 PST 2020
Vuser 87:Processing 1000000 transactions with output suppressed...
Timestamp 88 @ Tue Jan 07 13:17:50 PST 2020
Vuser 88:Processing 1000000 transactions with output suppressed...
Timestamp 89 @ Tue Jan 07 13:17:50 PST 2020
Vuser 89:Processing 1000000 transactions with output suppressed...
Timestamp 90 @ Tue Jan 07 13:17:51 PST 2020
Vuser 90:Processing 1000000 transactions with output suppressed...
Timestamp 91 @ Tue Jan 07 13:17:51 PST 2020
Vuser 91:Processing 1000000 transactions with output suppressed...
Timestamp 92 @ Tue Jan 07 13:17:52 PST 2020
Vuser 92:Processing 1000000 transactions with output suppressed...
Timestamp 93 @ Tue Jan 07 13:17:52 PST 2020
Vuser 93:Processing 1000000 transactions with output suppressed...
Timestamp 94 @ Tue Jan 07 13:17:53 PST 2020
Vuser 94:Processing 1000000 transactions with output suppressed...
Timestamp 95 @ Tue Jan 07 13:17:53 PST 2020
Vuser 95:Processing 1000000 transactions with output suppressed...
Timestamp 96 @ Tue Jan 07 13:17:54 PST 2020
Vuser 96:Processing 1000000 transactions with output suppressed...
Timestamp 97 @ Tue Jan 07 13:17:54 PST 2020
Vuser 97:Processing 1000000 transactions with output suppressed...
Timestamp 98 @ Tue Jan 07 13:17:55 PST 2020
Vuser 98:Processing 1000000 transactions with output suppressed...
Timestamp 99 @ Tue Jan 07 13:17:55 PST 2020
Vuser 99:Processing 1000000 transactions with output suppressed...
Timestamp 100 @ Tue Jan 07 13:17:56 PST 2020
Vuser 100:Processing 1000000 transactions with output suppressed...
Timestamp 101 @ Tue Jan 07 13:17:56 PST 2020
Vuser 101:Processing 1000000 transactions with output suppressed...
Timestamp 102 @ Tue Jan 07 13:17:57 PST 2020
Vuser 102:Processing 1000000 transactions with output suppressed...
Timestamp 103 @ Tue Jan 07 13:17:57 PST 2020
Vuser 103:Processing 1000000 transactions with output suppressed...
Timestamp 104 @ Tue Jan 07 13:17:58 PST 2020
Vuser 104:Processing 1000000 transactions with output suppressed...
Timestamp 105 @ Tue Jan 07 13:17:58 PST 2020
Vuser 105:Processing 1000000 transactions with output suppressed...
Timestamp 106 @ Tue Jan 07 13:17:59 PST 2020
Vuser 106:Processing 1000000 transactions with output suppressed...
Timestamp 107 @ Tue Jan 07 13:17:59 PST 2020
Vuser 107:Processing 1000000 transactions with output suppressed...
Timestamp 108 @ Tue Jan 07 13:18:00 PST 2020
Vuser 108:Processing 1000000 transactions with output suppressed...
Timestamp 109 @ Tue Jan 07 13:18:00 PST 2020
Vuser 109:Processing 1000000 transactions with output suppressed...
Timestamp 110 @ Tue Jan 07 13:18:01 PST 2020
Vuser 110:Processing 1000000 transactions with output suppressed...
Timestamp 111 @ Tue Jan 07 13:18:01 PST 2020
Vuser 111:Processing 1000000 transactions with output suppressed...
Timestamp 112 @ Tue Jan 07 13:18:02 PST 2020
Vuser 112:Processing 1000000 transactions with output suppressed...
Timestamp 113 @ Tue Jan 07 13:18:02 PST 2020
Vuser 113:Processing 1000000 transactions with output suppressed...
Timestamp 114 @ Tue Jan 07 13:18:03 PST 2020
Vuser 114:Processing 1000000 transactions with output suppressed...
Timestamp 115 @ Tue Jan 07 13:18:03 PST 2020
Vuser 115:Processing 1000000 transactions with output suppressed...
Timestamp 116 @ Tue Jan 07 13:18:04 PST 2020
Vuser 116:Processing 1000000 transactions with output suppressed...
Timestamp 117 @ Tue Jan 07 13:18:04 PST 2020
Vuser 117:Processing 1000000 transactions with output suppressed...
Timestamp 118 @ Tue Jan 07 13:18:05 PST 2020
Vuser 118:Processing 1000000 transactions with output suppressed...
Timestamp 119 @ Tue Jan 07 13:18:05 PST 2020
Vuser 119:Processing 1000000 transactions with output suppressed...
Timestamp 120 @ Tue Jan 07 13:18:06 PST 2020
Vuser 120:Processing 1000000 transactions with output suppressed...
Timestamp 1 @ Tue Jan 07 13:18:06 PST 2020
Vuser 1:Rampup 1 minutes complete ...
Timestamp 121 @ Tue Jan 07 13:18:06 PST 2020
Vuser 121:Processing 1000000 transactions with output suppressed...
Timestamp 122 @ Tue Jan 07 13:18:07 PST 2020
Vuser 122:Processing 1000000 transactions with output suppressed...
Timestamp 123 @ Tue Jan 07 13:18:07 PST 2020
Vuser 123:Processing 1000000 transactions with output suppressed...
Timestamp 124 @ Tue Jan 07 13:18:08 PST 2020
Vuser 124:Processing 1000000 transactions with output suppressed...
Timestamp 125 @ Tue Jan 07 13:18:08 PST 2020
Vuser 125:Processing 1000000 transactions with output suppressed...
Timestamp 126 @ Tue Jan 07 13:18:09 PST 2020
Vuser 126:Processing 1000000 transactions with output suppressed...
Timestamp 127 @ Tue Jan 07 13:18:09 PST 2020
Vuser 127:Processing 1000000 transactions with output suppressed...
Timestamp 128 @ Tue Jan 07 13:18:10 PST 2020
Vuser 128:Processing 1000000 transactions with output suppressed...
Timestamp 129 @ Tue Jan 07 13:18:10 PST 2020
Vuser 129:Processing 1000000 transactions with output suppressed...
Timestamp 130 @ Tue Jan 07 13:18:11 PST 2020
Vuser 130:Processing 1000000 transactions with output suppressed...
Timestamp 131 @ Tue Jan 07 13:18:11 PST 2020
Vuser 131:Processing 1000000 transactions with output suppressed...
Timestamp 132 @ Tue Jan 07 13:18:12 PST 2020
Vuser 132:Processing 1000000 transactions with output suppressed...
Timestamp 133 @ Tue Jan 07 13:18:12 PST 2020
Vuser 133:Processing 1000000 transactions with output suppressed...
Timestamp 134 @ Tue Jan 07 13:18:13 PST 2020
Vuser 134:Processing 1000000 transactions with output suppressed...
Timestamp 135 @ Tue Jan 07 13:18:13 PST 2020
Vuser 135:Processing 1000000 transactions with output suppressed...
Timestamp 136 @ Tue Jan 07 13:18:14 PST 2020
Vuser 136:Processing 1000000 transactions with output suppressed...
Timestamp 137 @ Tue Jan 07 13:18:14 PST 2020
Vuser 137:Processing 1000000 transactions with output suppressed...
Timestamp 138 @ Tue Jan 07 13:18:15 PST 2020
Vuser 138:Processing 1000000 transactions with output suppressed...
Timestamp 139 @ Tue Jan 07 13:18:15 PST 2020
Vuser 139:Processing 1000000 transactions with output suppressed...
Timestamp 140 @ Tue Jan 07 13:18:16 PST 2020
Vuser 140:Processing 1000000 transactions with output suppressed...
Timestamp 141 @ Tue Jan 07 13:18:16 PST 2020
Vuser 141:Processing 1000000 transactions with output suppressed...
Timestamp 142 @ Tue Jan 07 13:18:17 PST 2020
Vuser 142:Processing 1000000 transactions with output suppressed...
Timestamp 143 @ Tue Jan 07 13:18:17 PST 2020
Vuser 143:Processing 1000000 transactions with output suppressed...
Timestamp 144 @ Tue Jan 07 13:18:18 PST 2020
Vuser 144:Processing 1000000 transactions with output suppressed...
Timestamp 145 @ Tue Jan 07 13:18:18 PST 2020
Vuser 145:Processing 1000000 transactions with output suppressed...
Timestamp 1 @ Tue Jan 07 13:19:07 PST 2020
Vuser 1:Rampup 2 minutes complete ...
Timestamp 1 @ Tue Jan 07 13:19:08 PST 2020
Vuser 1:Rampup complete, Taking start Transaction Count.
Timestamp 1 @ Tue Jan 07 13:19:40 PST 2020
Vuser 1:Timing test period of 3 in minutes
Timestamp 1 @ Tue Jan 07 13:20:41 PST 2020
Vuser 1:1 ...,
Timestamp 1 @ Tue Jan 07 13:21:42 PST 2020
Vuser 1:2 ...,
Timestamp 1 @ Tue Jan 07 13:22:42 PST 2020
Vuser 1:3 ...,
Timestamp 1 @ Tue Jan 07 13:22:43 PST 2020
Vuser 1:Test complete, Taking end Transaction Count.
Timestamp 1 @ Tue Jan 07 13:23:31 PST 2020
Vuser 1:144 Active Virtual Users configured
Timestamp 1 @ Tue Jan 07 13:23:32 PST 2020
Vuser 1:TEST RESULT : System achieved 78844 SQL Server TPM at 16637 NOPM
