Hammerdb Log @ Tue Jan 07 12:01:32 PST 2020
+-+-+-+-+-+-+-+-+-+-+-+-+-+-+-+-+-+-+-+-+-+-
Timestamp 1 @ Tue Jan 07 12:01:32 PST 2020
Vuser 1:Beginning rampup time of 2 minutes
Timestamp 2 @ Tue Jan 07 12:01:33 PST 2020
Vuser 2:Processing 1000000 transactions with output suppressed...
Timestamp 3 @ Tue Jan 07 12:01:33 PST 2020
Vuser 3:Processing 1000000 transactions with output suppressed...
Timestamp 4 @ Tue Jan 07 12:01:34 PST 2020
Vuser 4:Processing 1000000 transactions with output suppressed...
Timestamp 1 @ Tue Jan 07 12:02:34 PST 2020
Vuser 1:Rampup 1 minutes complete ...
Timestamp 1 @ Tue Jan 07 12:03:35 PST 2020
Vuser 1:Rampup 2 minutes complete ...
Timestamp 1 @ Tue Jan 07 12:03:36 PST 2020
Vuser 1:Rampup complete, Taking start Transaction Count.
Timestamp 1 @ Tue Jan 07 12:03:37 PST 2020
Vuser 1:Timing test period of 3 in minutes
Timestamp 1 @ Tue Jan 07 12:04:38 PST 2020
Vuser 1:1 ...,
Timestamp 1 @ Tue Jan 07 12:05:39 PST 2020
Vuser 1:2 ...,
Timestamp 1 @ Tue Jan 07 12:06:39 PST 2020
Vuser 1:3 ...,
Timestamp 1 @ Tue Jan 07 12:06:41 PST 2020
Vuser 1:Test complete, Taking end Transaction Count.
Timestamp 1 @ Tue Jan 07 12:06:45 PST 2020
Vuser 1:3 Active Virtual Users configured
Timestamp 1 @ Tue Jan 07 12:06:46 PST 2020
Vuser 1:TEST RESULT : System achieved 53319 SQL Server TPM at 11591 NOPM
