Hammerdb Log @ Tue Jan 07 12:29:19 PST 2020
+-+-+-+-+-+-+-+-+-+-+-+-+-+-+-+-+-+-+-+-+-+-
Timestamp 1 @ Tue Jan 07 12:29:19 PST 2020
Vuser 1:Beginning rampup time of 2 minutes
Timestamp 2 @ Tue Jan 07 12:29:20 PST 2020
Vuser 2:Processing 1000000 transactions with output suppressed...
Timestamp 3 @ Tue Jan 07 12:29:20 PST 2020
Vuser 3:Processing 1000000 transactions with output suppressed...
Timestamp 4 @ Tue Jan 07 12:29:21 PST 2020
Vuser 4:Processing 1000000 transactions with output suppressed...
Timestamp 5 @ Tue Jan 07 12:29:21 PST 2020
Vuser 5:Processing 1000000 transactions with output suppressed...
Timestamp 6 @ Tue Jan 07 12:29:22 PST 2020
Vuser 6:Processing 1000000 transactions with output suppressed...
Timestamp 7 @ Tue Jan 07 12:29:22 PST 2020
Vuser 7:Processing 1000000 transactions with output suppressed...
Timestamp 8 @ Tue Jan 07 12:29:23 PST 2020
Vuser 8:Processing 1000000 transactions with output suppressed...
Timestamp 9 @ Tue Jan 07 12:29:23 PST 2020
Vuser 9:Processing 1000000 transactions with output suppressed...
Timestamp 10 @ Tue Jan 07 12:29:24 PST 2020
Vuser 10:Processing 1000000 transactions with output suppressed...
Timestamp 11 @ Tue Jan 07 12:29:24 PST 2020
Vuser 11:Processing 1000000 transactions with output suppressed...
Timestamp 12 @ Tue Jan 07 12:29:25 PST 2020
Vuser 12:Processing 1000000 transactions with output suppressed...
Timestamp 13 @ Tue Jan 07 12:29:25 PST 2020
Vuser 13:Processing 1000000 transactions with output suppressed...
Timestamp 14 @ Tue Jan 07 12:29:26 PST 2020
Vuser 14:Processing 1000000 transactions with output suppressed...
Timestamp 1 @ Tue Jan 07 12:30:21 PST 2020
Vuser 1:Rampup 1 minutes complete ...
Timestamp 1 @ Tue Jan 07 12:31:22 PST 2020
Vuser 1:Rampup 2 minutes complete ...
Timestamp 1 @ Tue Jan 07 12:31:23 PST 2020
Vuser 1:Rampup complete, Taking start Transaction Count.
Timestamp 1 @ Tue Jan 07 12:31:24 PST 2020
Vuser 1:Timing test period of 3 in minutes
Timestamp 1 @ Tue Jan 07 12:32:25 PST 2020
Vuser 1:1 ...,
Timestamp 1 @ Tue Jan 07 12:33:26 PST 2020
Vuser 1:2 ...,
Timestamp 1 @ Tue Jan 07 12:34:26 PST 2020
Vuser 1:3 ...,
Timestamp 1 @ Tue Jan 07 12:34:27 PST 2020
Vuser 1:Test complete, Taking end Transaction Count.
Timestamp 1 @ Tue Jan 07 12:34:28 PST 2020
Vuser 1:13 Active Virtual Users configured
Timestamp 1 @ Tue Jan 07 12:34:29 PST 2020
Vuser 1:TEST RESULT : System achieved 68388 SQL Server TPM at 14857 NOPM
