Hammerdb Log @ Tue Jan 07 12:10:48 PST 2020
+-+-+-+-+-+-+-+-+-+-+-+-+-+-+-+-+-+-+-+-+-+-
Timestamp 1 @ Tue Jan 07 12:10:48 PST 2020
Vuser 1:Beginning rampup time of 2 minutes
Timestamp 2 @ Tue Jan 07 12:10:48 PST 2020
Vuser 2:Processing 1000000 transactions with output suppressed...
Timestamp 3 @ Tue Jan 07 12:10:49 PST 2020
Vuser 3:Processing 1000000 transactions with output suppressed...
Timestamp 4 @ Tue Jan 07 12:10:49 PST 2020
Vuser 4:Processing 1000000 transactions with output suppressed...
Timestamp 5 @ Tue Jan 07 12:10:50 PST 2020
Vuser 5:Processing 1000000 transactions with output suppressed...
Timestamp 6 @ Tue Jan 07 12:10:50 PST 2020
Vuser 6:Processing 1000000 transactions with output suppressed...
Timestamp 1 @ Tue Jan 07 12:11:49 PST 2020
Vuser 1:Rampup 1 minutes complete ...
Timestamp 1 @ Tue Jan 07 12:12:50 PST 2020
Vuser 1:Rampup 2 minutes complete ...
Timestamp 1 @ Tue Jan 07 12:12:51 PST 2020
Vuser 1:Rampup complete, Taking start Transaction Count.
Timestamp 1 @ Tue Jan 07 12:12:55 PST 2020
Vuser 1:Timing test period of 3 in minutes
Timestamp 1 @ Tue Jan 07 12:13:56 PST 2020
Vuser 1:1 ...,
Timestamp 1 @ Tue Jan 07 12:14:56 PST 2020
Vuser 1:2 ...,
Timestamp 1 @ Tue Jan 07 12:15:57 PST 2020
Vuser 1:3 ...,
Timestamp 1 @ Tue Jan 07 12:15:58 PST 2020
Vuser 1:Test complete, Taking end Transaction Count.
Timestamp 1 @ Tue Jan 07 12:15:59 PST 2020
Vuser 1:5 Active Virtual Users configured
Timestamp 1 @ Tue Jan 07 12:16:00 PST 2020
Vuser 1:TEST RESULT : System achieved 61684 SQL Server TPM at 13366 NOPM
