Hammerdb Log @ Tue Jan 07 12:57:34 PST 2020
+-+-+-+-+-+-+-+-+-+-+-+-+-+-+-+-+-+-+-+-+-+-
Timestamp 1 @ Tue Jan 07 12:57:34 PST 2020
Vuser 1:Beginning rampup time of 2 minutes
Timestamp 2 @ Tue Jan 07 12:57:34 PST 2020
Vuser 2:Processing 1000000 transactions with output suppressed...
Timestamp 3 @ Tue Jan 07 12:57:35 PST 2020
Vuser 3:Processing 1000000 transactions with output suppressed...
Timestamp 4 @ Tue Jan 07 12:57:35 PST 2020
Vuser 4:Processing 1000000 transactions with output suppressed...
Timestamp 5 @ Tue Jan 07 12:57:36 PST 2020
Vuser 5:Processing 1000000 transactions with output suppressed...
Timestamp 6 @ Tue Jan 07 12:57:36 PST 2020
Vuser 6:Processing 1000000 transactions with output suppressed...
Timestamp 7 @ Tue Jan 07 12:57:37 PST 2020
Vuser 7:Processing 1000000 transactions with output suppressed...
Timestamp 8 @ Tue Jan 07 12:57:37 PST 2020
Vuser 8:Processing 1000000 transactions with output suppressed...
Timestamp 9 @ Tue Jan 07 12:57:38 PST 2020
Vuser 9:Processing 1000000 transactions with output suppressed...
Timestamp 10 @ Tue Jan 07 12:57:38 PST 2020
Vuser 10:Processing 1000000 transactions with output suppressed...
Timestamp 11 @ Tue Jan 07 12:57:39 PST 2020
Vuser 11:Processing 1000000 transactions with output suppressed...
Timestamp 12 @ Tue Jan 07 12:57:39 PST 2020
Vuser 12:Processing 1000000 transactions with output suppressed...
Timestamp 13 @ Tue Jan 07 12:57:40 PST 2020
Vuser 13:Processing 1000000 transactions with output suppressed...
Timestamp 14 @ Tue Jan 07 12:57:40 PST 2020
Vuser 14:Processing 1000000 transactions with output suppressed...
Timestamp 15 @ Tue Jan 07 12:57:41 PST 2020
Vuser 15:Processing 1000000 transactions with output suppressed...
Timestamp 16 @ Tue Jan 07 12:57:41 PST 2020
Vuser 16:Processing 1000000 transactions with output suppressed...
Timestamp 17 @ Tue Jan 07 12:57:42 PST 2020
Vuser 17:Processing 1000000 transactions with output suppressed...
Timestamp 18 @ Tue Jan 07 12:57:42 PST 2020
Vuser 18:Processing 1000000 transactions with output suppressed...
Timestamp 19 @ Tue Jan 07 12:57:43 PST 2020
Vuser 19:Processing 1000000 transactions with output suppressed...
Timestamp 20 @ Tue Jan 07 12:57:43 PST 2020
Vuser 20:Processing 1000000 transactions with output suppressed...
Timestamp 21 @ Tue Jan 07 12:57:44 PST 2020
Vuser 21:Processing 1000000 transactions with output suppressed...
Timestamp 22 @ Tue Jan 07 12:57:44 PST 2020
Vuser 22:Processing 1000000 transactions with output suppressed...
Timestamp 23 @ Tue Jan 07 12:57:45 PST 2020
Vuser 23:Processing 1000000 transactions with output suppressed...
Timestamp 24 @ Tue Jan 07 12:57:45 PST 2020
Vuser 24:Processing 1000000 transactions with output suppressed...
Timestamp 25 @ Tue Jan 07 12:57:46 PST 2020
Vuser 25:Processing 1000000 transactions with output suppressed...
Timestamp 26 @ Tue Jan 07 12:57:46 PST 2020
Vuser 26:Processing 1000000 transactions with output suppressed...
Timestamp 27 @ Tue Jan 07 12:57:47 PST 2020
Vuser 27:Processing 1000000 transactions with output suppressed...
Timestamp 28 @ Tue Jan 07 12:57:47 PST 2020
Vuser 28:Processing 1000000 transactions with output suppressed...
Timestamp 29 @ Tue Jan 07 12:57:48 PST 2020
Vuser 29:Processing 1000000 transactions with output suppressed...
Timestamp 30 @ Tue Jan 07 12:57:48 PST 2020
Vuser 30:Processing 1000000 transactions with output suppressed...
Timestamp 31 @ Tue Jan 07 12:57:49 PST 2020
Vuser 31:Processing 1000000 transactions with output suppressed...
Timestamp 32 @ Tue Jan 07 12:57:49 PST 2020
Vuser 32:Processing 1000000 transactions with output suppressed...
Timestamp 33 @ Tue Jan 07 12:57:50 PST 2020
Vuser 33:Processing 1000000 transactions with output suppressed...
Timestamp 34 @ Tue Jan 07 12:57:50 PST 2020
Vuser 34:Processing 1000000 transactions with output suppressed...
Timestamp 35 @ Tue Jan 07 12:57:51 PST 2020
Vuser 35:Processing 1000000 transactions with output suppressed...
Timestamp 36 @ Tue Jan 07 12:57:51 PST 2020
Vuser 36:Processing 1000000 transactions with output suppressed...
Timestamp 37 @ Tue Jan 07 12:57:52 PST 2020
Vuser 37:Processing 1000000 transactions with output suppressed...
Timestamp 38 @ Tue Jan 07 12:57:52 PST 2020
Vuser 38:Processing 1000000 transactions with output suppressed...
Timestamp 39 @ Tue Jan 07 12:57:53 PST 2020
Vuser 39:Processing 1000000 transactions with output suppressed...
Timestamp 40 @ Tue Jan 07 12:57:53 PST 2020
Vuser 40:Processing 1000000 transactions with output suppressed...
Timestamp 41 @ Tue Jan 07 12:57:54 PST 2020
Vuser 41:Processing 1000000 transactions with output suppressed...
Timestamp 42 @ Tue Jan 07 12:57:54 PST 2020
Vuser 42:Processing 1000000 transactions with output suppressed...
Timestamp 43 @ Tue Jan 07 12:57:55 PST 2020
Vuser 43:Processing 1000000 transactions with output suppressed...
Timestamp 44 @ Tue Jan 07 12:57:55 PST 2020
Vuser 44:Processing 1000000 transactions with output suppressed...
Timestamp 45 @ Tue Jan 07 12:57:56 PST 2020
Vuser 45:Processing 1000000 transactions with output suppressed...
Timestamp 46 @ Tue Jan 07 12:57:56 PST 2020
Vuser 46:Processing 1000000 transactions with output suppressed...
Timestamp 47 @ Tue Jan 07 12:57:57 PST 2020
Vuser 47:Processing 1000000 transactions with output suppressed...
Timestamp 48 @ Tue Jan 07 12:57:57 PST 2020
Vuser 48:Processing 1000000 transactions with output suppressed...
Timestamp 49 @ Tue Jan 07 12:57:58 PST 2020
Vuser 49:Processing 1000000 transactions with output suppressed...
Timestamp 50 @ Tue Jan 07 12:57:58 PST 2020
Vuser 50:Processing 1000000 transactions with output suppressed...
Timestamp 51 @ Tue Jan 07 12:57:59 PST 2020
Vuser 51:Processing 1000000 transactions with output suppressed...
Timestamp 52 @ Tue Jan 07 12:57:59 PST 2020
Vuser 52:Processing 1000000 transactions with output suppressed...
Timestamp 53 @ Tue Jan 07 12:58:00 PST 2020
Vuser 53:Processing 1000000 transactions with output suppressed...
Timestamp 54 @ Tue Jan 07 12:58:00 PST 2020
Vuser 54:Processing 1000000 transactions with output suppressed...
Timestamp 55 @ Tue Jan 07 12:58:01 PST 2020
Vuser 55:Processing 1000000 transactions with output suppressed...
Timestamp 56 @ Tue Jan 07 12:58:01 PST 2020
Vuser 56:Processing 1000000 transactions with output suppressed...
Timestamp 1 @ Tue Jan 07 12:58:35 PST 2020
Vuser 1:Rampup 1 minutes complete ...
Timestamp 1 @ Tue Jan 07 12:59:36 PST 2020
Vuser 1:Rampup 2 minutes complete ...
Timestamp 1 @ Tue Jan 07 12:59:37 PST 2020
Vuser 1:Rampup complete, Taking start Transaction Count.
Timestamp 1 @ Tue Jan 07 12:59:43 PST 2020
Vuser 1:Timing test period of 3 in minutes
Timestamp 1 @ Tue Jan 07 13:00:44 PST 2020
Vuser 1:1 ...,
Timestamp 1 @ Tue Jan 07 13:01:45 PST 2020
Vuser 1:2 ...,
Timestamp 1 @ Tue Jan 07 13:02:46 PST 2020
Vuser 1:3 ...,
Timestamp 1 @ Tue Jan 07 13:02:47 PST 2020
Vuser 1:Test complete, Taking end Transaction Count.
Timestamp 1 @ Tue Jan 07 13:02:55 PST 2020
Vuser 1:55 Active Virtual Users configured
Timestamp 1 @ Tue Jan 07 13:02:56 PST 2020
Vuser 1:TEST RESULT : System achieved 68069 SQL Server TPM at 14754 NOPM
