Hammerdb Log @ Tue Jan 07 12:20:05 PST 2020
+-+-+-+-+-+-+-+-+-+-+-+-+-+-+-+-+-+-+-+-+-+-
Timestamp 1 @ Tue Jan 07 12:20:05 PST 2020
Vuser 1:Beginning rampup time of 2 minutes
Timestamp 2 @ Tue Jan 07 12:20:06 PST 2020
Vuser 2:Processing 1000000 transactions with output suppressed...
Timestamp 3 @ Tue Jan 07 12:20:06 PST 2020
Vuser 3:Processing 1000000 transactions with output suppressed...
Timestamp 4 @ Tue Jan 07 12:20:07 PST 2020
Vuser 4:Processing 1000000 transactions with output suppressed...
Timestamp 5 @ Tue Jan 07 12:20:07 PST 2020
Vuser 5:Processing 1000000 transactions with output suppressed...
Timestamp 6 @ Tue Jan 07 12:20:08 PST 2020
Vuser 6:Processing 1000000 transactions with output suppressed...
Timestamp 7 @ Tue Jan 07 12:20:08 PST 2020
Vuser 7:Processing 1000000 transactions with output suppressed...
Timestamp 8 @ Tue Jan 07 12:20:09 PST 2020
Vuser 8:Processing 1000000 transactions with output suppressed...
Timestamp 9 @ Tue Jan 07 12:20:09 PST 2020
Vuser 9:Processing 1000000 transactions with output suppressed...
Timestamp 1 @ Tue Jan 07 12:21:07 PST 2020
Vuser 1:Rampup 1 minutes complete ...
Timestamp 1 @ Tue Jan 07 12:22:07 PST 2020
Vuser 1:Rampup 2 minutes complete ...
Timestamp 1 @ Tue Jan 07 12:22:08 PST 2020
Vuser 1:Rampup complete, Taking start Transaction Count.
Timestamp 1 @ Tue Jan 07 12:22:09 PST 2020
Vuser 1:Timing test period of 3 in minutes
Timestamp 1 @ Tue Jan 07 12:23:09 PST 2020
Vuser 1:1 ...,
Timestamp 1 @ Tue Jan 07 12:24:11 PST 2020
Vuser 1:2 ...,
Timestamp 1 @ Tue Jan 07 12:25:12 PST 2020
Vuser 1:3 ...,
Timestamp 1 @ Tue Jan 07 12:25:13 PST 2020
Vuser 1:Test complete, Taking end Transaction Count.
Timestamp 1 @ Tue Jan 07 12:25:14 PST 2020
Vuser 1:8 Active Virtual Users configured
Timestamp 1 @ Tue Jan 07 12:25:15 PST 2020
Vuser 1:TEST RESULT : System achieved 66804 SQL Server TPM at 14516 NOPM
