Hammerdb Log @ Tue Jan 07 12:38:39 PST 2020
+-+-+-+-+-+-+-+-+-+-+-+-+-+-+-+-+-+-+-+-+-+-
Timestamp 1 @ Tue Jan 07 12:38:39 PST 2020
Vuser 1:Beginning rampup time of 2 minutes
Timestamp 2 @ Tue Jan 07 12:38:39 PST 2020
Vuser 2:Processing 1000000 transactions with output suppressed...
Timestamp 3 @ Tue Jan 07 12:38:40 PST 2020
Vuser 3:Processing 1000000 transactions with output suppressed...
Timestamp 4 @ Tue Jan 07 12:38:40 PST 2020
Vuser 4:Processing 1000000 transactions with output suppressed...
Timestamp 5 @ Tue Jan 07 12:38:41 PST 2020
Vuser 5:Processing 1000000 transactions with output suppressed...
Timestamp 6 @ Tue Jan 07 12:38:41 PST 2020
Vuser 6:Processing 1000000 transactions with output suppressed...
Timestamp 7 @ Tue Jan 07 12:38:42 PST 2020
Vuser 7:Processing 1000000 transactions with output suppressed...
Timestamp 8 @ Tue Jan 07 12:38:42 PST 2020
Vuser 8:Processing 1000000 transactions with output suppressed...
Timestamp 9 @ Tue Jan 07 12:38:43 PST 2020
Vuser 9:Processing 1000000 transactions with output suppressed...
Timestamp 10 @ Tue Jan 07 12:38:43 PST 2020
Vuser 10:Processing 1000000 transactions with output suppressed...
Timestamp 11 @ Tue Jan 07 12:38:44 PST 2020
Vuser 11:Processing 1000000 transactions with output suppressed...
Timestamp 12 @ Tue Jan 07 12:38:44 PST 2020
Vuser 12:Processing 1000000 transactions with output suppressed...
Timestamp 13 @ Tue Jan 07 12:38:45 PST 2020
Vuser 13:Processing 1000000 transactions with output suppressed...
Timestamp 14 @ Tue Jan 07 12:38:45 PST 2020
Vuser 14:Processing 1000000 transactions with output suppressed...
Timestamp 15 @ Tue Jan 07 12:38:46 PST 2020
Vuser 15:Processing 1000000 transactions with output suppressed...
Timestamp 16 @ Tue Jan 07 12:38:46 PST 2020
Vuser 16:Processing 1000000 transactions with output suppressed...
Timestamp 17 @ Tue Jan 07 12:38:47 PST 2020
Vuser 17:Processing 1000000 transactions with output suppressed...
Timestamp 18 @ Tue Jan 07 12:38:47 PST 2020
Vuser 18:Processing 1000000 transactions with output suppressed...
Timestamp 19 @ Tue Jan 07 12:38:48 PST 2020
Vuser 19:Processing 1000000 transactions with output suppressed...
Timestamp 20 @ Tue Jan 07 12:38:48 PST 2020
Vuser 20:Processing 1000000 transactions with output suppressed...
Timestamp 21 @ Tue Jan 07 12:38:49 PST 2020
Vuser 21:Processing 1000000 transactions with output suppressed...
Timestamp 22 @ Tue Jan 07 12:38:49 PST 2020
Vuser 22:Processing 1000000 transactions with output suppressed...
Timestamp 1 @ Tue Jan 07 12:39:40 PST 2020
Vuser 1:Rampup 1 minutes complete ...
Timestamp 1 @ Tue Jan 07 12:40:41 PST 2020
Vuser 1:Rampup 2 minutes complete ...
Timestamp 1 @ Tue Jan 07 12:40:42 PST 2020
Vuser 1:Rampup complete, Taking start Transaction Count.
Timestamp 1 @ Tue Jan 07 12:40:44 PST 2020
Vuser 1:Timing test period of 3 in minutes
Timestamp 1 @ Tue Jan 07 12:41:45 PST 2020
Vuser 1:1 ...,
Timestamp 1 @ Tue Jan 07 12:42:46 PST 2020
Vuser 1:2 ...,
Timestamp 1 @ Tue Jan 07 12:43:47 PST 2020
Vuser 1:3 ...,
Timestamp 1 @ Tue Jan 07 12:43:48 PST 2020
Vuser 1:Test complete, Taking end Transaction Count.
Timestamp 1 @ Tue Jan 07 12:43:50 PST 2020
Vuser 1:21 Active Virtual Users configured
Timestamp 1 @ Tue Jan 07 12:43:51 PST 2020
Vuser 1:TEST RESULT : System achieved 67997 SQL Server TPM at 14799 NOPM
