Hammerdb Log @ Tue Jan 07 12:48:05 PST 2020
+-+-+-+-+-+-+-+-+-+-+-+-+-+-+-+-+-+-+-+-+-+-
Timestamp 1 @ Tue Jan 07 12:48:05 PST 2020
Vuser 1:Beginning rampup time of 2 minutes
Timestamp 2 @ Tue Jan 07 12:48:06 PST 2020
Vuser 2:Processing 1000000 transactions with output suppressed...
Timestamp 3 @ Tue Jan 07 12:48:06 PST 2020
Vuser 3:Processing 1000000 transactions with output suppressed...
Timestamp 4 @ Tue Jan 07 12:48:07 PST 2020
Vuser 4:Processing 1000000 transactions with output suppressed...
Timestamp 5 @ Tue Jan 07 12:48:07 PST 2020
Vuser 5:Processing 1000000 transactions with output suppressed...
Timestamp 6 @ Tue Jan 07 12:48:08 PST 2020
Vuser 6:Processing 1000000 transactions with output suppressed...
Timestamp 7 @ Tue Jan 07 12:48:08 PST 2020
Vuser 7:Processing 1000000 transactions with output suppressed...
Timestamp 8 @ Tue Jan 07 12:48:09 PST 2020
Vuser 8:Processing 1000000 transactions with output suppressed...
Timestamp 9 @ Tue Jan 07 12:48:09 PST 2020
Vuser 9:Processing 1000000 transactions with output suppressed...
Timestamp 10 @ Tue Jan 07 12:48:10 PST 2020
Vuser 10:Processing 1000000 transactions with output suppressed...
Timestamp 11 @ Tue Jan 07 12:48:10 PST 2020
Vuser 11:Processing 1000000 transactions with output suppressed...
Timestamp 12 @ Tue Jan 07 12:48:11 PST 2020
Vuser 12:Processing 1000000 transactions with output suppressed...
Timestamp 13 @ Tue Jan 07 12:48:11 PST 2020
Vuser 13:Processing 1000000 transactions with output suppressed...
Timestamp 14 @ Tue Jan 07 12:48:12 PST 2020
Vuser 14:Processing 1000000 transactions with output suppressed...
Timestamp 15 @ Tue Jan 07 12:48:12 PST 2020
Vuser 15:Processing 1000000 transactions with output suppressed...
Timestamp 16 @ Tue Jan 07 12:48:13 PST 2020
Vuser 16:Processing 1000000 transactions with output suppressed...
Timestamp 17 @ Tue Jan 07 12:48:13 PST 2020
Vuser 17:Processing 1000000 transactions with output suppressed...
Timestamp 18 @ Tue Jan 07 12:48:14 PST 2020
Vuser 18:Processing 1000000 transactions with output suppressed...
Timestamp 19 @ Tue Jan 07 12:48:14 PST 2020
Vuser 19:Processing 1000000 transactions with output suppressed...
Timestamp 20 @ Tue Jan 07 12:48:15 PST 2020
Vuser 20:Processing 1000000 transactions with output suppressed...
Timestamp 21 @ Tue Jan 07 12:48:15 PST 2020
Vuser 21:Processing 1000000 transactions with output suppressed...
Timestamp 22 @ Tue Jan 07 12:48:16 PST 2020
Vuser 22:Processing 1000000 transactions with output suppressed...
Timestamp 23 @ Tue Jan 07 12:48:16 PST 2020
Vuser 23:Processing 1000000 transactions with output suppressed...
Timestamp 24 @ Tue Jan 07 12:48:17 PST 2020
Vuser 24:Processing 1000000 transactions with output suppressed...
Timestamp 25 @ Tue Jan 07 12:48:17 PST 2020
Vuser 25:Processing 1000000 transactions with output suppressed...
Timestamp 26 @ Tue Jan 07 12:48:18 PST 2020
Vuser 26:Processing 1000000 transactions with output suppressed...
Timestamp 27 @ Tue Jan 07 12:48:18 PST 2020
Vuser 27:Processing 1000000 transactions with output suppressed...
Timestamp 28 @ Tue Jan 07 12:48:19 PST 2020
Vuser 28:Processing 1000000 transactions with output suppressed...
Timestamp 29 @ Tue Jan 07 12:48:19 PST 2020
Vuser 29:Processing 1000000 transactions with output suppressed...
Timestamp 30 @ Tue Jan 07 12:48:20 PST 2020
Vuser 30:Processing 1000000 transactions with output suppressed...
Timestamp 31 @ Tue Jan 07 12:48:20 PST 2020
Vuser 31:Processing 1000000 transactions with output suppressed...
Timestamp 32 @ Tue Jan 07 12:48:21 PST 2020
Vuser 32:Processing 1000000 transactions with output suppressed...
Timestamp 33 @ Tue Jan 07 12:48:21 PST 2020
Vuser 33:Processing 1000000 transactions with output suppressed...
Timestamp 34 @ Tue Jan 07 12:48:22 PST 2020
Vuser 34:Processing 1000000 transactions with output suppressed...
Timestamp 35 @ Tue Jan 07 12:48:22 PST 2020
Vuser 35:Processing 1000000 transactions with output suppressed...
Timestamp 1 @ Tue Jan 07 12:49:07 PST 2020
Vuser 1:Rampup 1 minutes complete ...
Timestamp 1 @ Tue Jan 07 12:50:07 PST 2020
Vuser 1:Rampup 2 minutes complete ...
Timestamp 1 @ Tue Jan 07 12:50:08 PST 2020
Vuser 1:Rampup complete, Taking start Transaction Count.
Timestamp 1 @ Tue Jan 07 12:50:10 PST 2020
Vuser 1:Timing test period of 3 in minutes
Timestamp 1 @ Tue Jan 07 12:51:11 PST 2020
Vuser 1:1 ...,
Timestamp 1 @ Tue Jan 07 12:52:12 PST 2020
Vuser 1:2 ...,
Timestamp 1 @ Tue Jan 07 12:53:13 PST 2020
Vuser 1:3 ...,
Timestamp 1 @ Tue Jan 07 12:53:14 PST 2020
Vuser 1:Test complete, Taking end Transaction Count.
Timestamp 1 @ Tue Jan 07 12:53:16 PST 2020
Vuser 1:34 Active Virtual Users configured
Timestamp 1 @ Tue Jan 07 12:53:17 PST 2020
Vuser 1:TEST RESULT : System achieved 69278 SQL Server TPM at 15088 NOPM
